<?xml version="1.0" encoding="UTF-8"?>
<testng-results ignored="0" total="2" passed="1" failed="1" skipped="0">
  <reporter-output>
  </reporter-output>
  <suite started-at="2021-03-27T19:19:19 EDT" name="Suite" finished-at="2021-03-27T19:19:48 EDT" duration-ms="28917">
    <groups>
    </groups>
    <test started-at="2021-03-27T19:19:19 EDT" name="Test" finished-at="2021-03-27T19:19:48 EDT" duration-ms="28917">
      <class name="Tests.Test2">
        <test-method is-config="true" signature="initialized()[pri:0, instance:Tests.Test2@3b1bb3ab]" started-at="2021-03-27T19:19:25 EDT" name="initialized" finished-at="2021-03-27T19:19:30 EDT" duration-ms="5440" status="PASS">
          <reporter-output>
          </reporter-output>
        </test-method> <!-- initialized -->
        <test-method signature="test()[pri:0, instance:Tests.Test2@3b1bb3ab]" started-at="2021-03-27T19:19:30 EDT" name="test" finished-at="2021-03-27T19:19:32 EDT" duration-ms="1811" status="PASS">
          <reporter-output>
          </reporter-output>
        </test-method> <!-- test -->
        <test-method is-config="true" signature="terminate()[pri:0, instance:Tests.Test2@3b1bb3ab]" started-at="2021-03-27T19:19:47 EDT" name="terminate" finished-at="2021-03-27T19:19:48 EDT" duration-ms="664" status="PASS">
          <reporter-output>
          </reporter-output>
        </test-method> <!-- terminate -->
      </class> <!-- Tests.Test2 -->
      <class name="Tests.Test1">
        <test-method is-config="true" signature="initialized()[pri:0, instance:Tests.Test1@70d2e40b]" started-at="2021-03-27T19:19:19 EDT" name="initialized" finished-at="2021-03-27T19:19:25 EDT" duration-ms="6006" status="PASS">
          <reporter-output>
          </reporter-output>
        </test-method> <!-- initialized -->
        <test-method signature="test()[pri:0, instance:Tests.Test1@70d2e40b]" started-at="2021-03-27T19:19:30 EDT" name="test" finished-at="2021-03-27T19:19:41 EDT" duration-ms="10670" status="FAIL">
          <exception class="java.lang.AssertionError">
            <message>
              <![CDATA[expected [CREATE AN ACCOUN] but found [CREATE AN ACCOUNT]]]>
            </message>
            <full-stacktrace>
              <![CDATA[java.lang.AssertionError: expected [CREATE AN ACCOUN] but found [CREATE AN ACCOUNT]
at org.testng.Assert.fail(Assert.java:99)
at org.testng.Assert.failNotEquals(Assert.java:1037)
at org.testng.Assert.assertEqualsImpl(Assert.java:140)
at org.testng.Assert.assertEquals(Assert.java:122)
at org.testng.Assert.assertEquals(Assert.java:629)
at org.testng.Assert.assertEquals(Assert.java:639)
at Tests.Test1.test(Test1.java:117)
at java.base/jdk.internal.reflect.NativeMethodAccessorImpl.invoke0(Native Method)
at java.base/jdk.internal.reflect.NativeMethodAccessorImpl.invoke(NativeMethodAccessorImpl.java:62)
at java.base/jdk.internal.reflect.DelegatingMethodAccessorImpl.invoke(DelegatingMethodAccessorImpl.java:43)
at java.base/java.lang.reflect.Method.invoke(Method.java:564)
at org.testng.internal.MethodInvocationHelper.invokeMethod(MethodInvocationHelper.java:133)
at org.testng.internal.TestInvoker.invokeMethod(TestInvoker.java:598)
at org.testng.internal.TestInvoker.invokeTestMethod(TestInvoker.java:173)
at org.testng.internal.MethodRunner.runInSequence(MethodRunner.java:46)
at org.testng.internal.TestInvoker$MethodInvocationAgent.invoke(TestInvoker.java:824)
at org.testng.internal.TestInvoker.invokeTestMethods(TestInvoker.java:146)
at org.testng.internal.TestMethodWorker.invokeTestMethods(TestMethodWorker.java:146)
at org.testng.internal.TestMethodWorker.run(TestMethodWorker.java:128)
at java.base/java.util.concurrent.ThreadPoolExecutor.runWorker(ThreadPoolExecutor.java:1135)
at java.base/java.util.concurrent.ThreadPoolExecutor$Worker.run(ThreadPoolExecutor.java:635)
at java.base/java.lang.Thread.run(Thread.java:844)
]]>
            </full-stacktrace>
          </exception> <!-- java.lang.AssertionError -->
          <reporter-output>
          </reporter-output>
        </test-method> <!-- test -->
        <test-method is-config="true" signature="terminate()[pri:0, instance:Tests.Test1@70d2e40b]" started-at="2021-03-27T19:19:42 EDT" name="terminate" finished-at="2021-03-27T19:19:47 EDT" duration-ms="5705" status="PASS">
          <reporter-output>
          </reporter-output>
        </test-method> <!-- terminate -->
      </class> <!-- Tests.Test1 -->
    </test> <!-- Test -->
  </suite> <!-- Suite -->
</testng-results>
