<?xml version="1.0" encoding="UTF-8"?>
<testng-results ignored="0" total="2" passed="1" failed="1" skipped="0">
  <reporter-output>
  </reporter-output>
  <suite started-at="2021-03-27T18:24:13 EDT" name="Suite" finished-at="2021-03-27T18:24:54 EDT" duration-ms="41187">
    <groups>
    </groups>
    <test started-at="2021-03-27T18:24:13 EDT" name="Test" finished-at="2021-03-27T18:24:54 EDT" duration-ms="41187">
      <class name="Tests.Test2">
        <test-method is-config="true" signature="initialized()[pri:0, instance:Tests.Test2@324c64cd]" started-at="2021-03-27T18:24:19 EDT" name="initialized" finished-at="2021-03-27T18:24:24 EDT" duration-ms="5293" status="PASS">
          <reporter-output>
          </reporter-output>
        </test-method> <!-- initialized -->
        <test-method signature="test()[pri:0, instance:Tests.Test2@324c64cd]" started-at="2021-03-27T18:24:24 EDT" name="test" finished-at="2021-03-27T18:24:25 EDT" duration-ms="1287" status="PASS">
          <reporter-output>
          </reporter-output>
        </test-method> <!-- test -->
        <test-method is-config="true" signature="terminate()[pri:0, instance:Tests.Test2@324c64cd]" started-at="2021-03-27T18:24:53 EDT" name="terminate" finished-at="2021-03-27T18:24:54 EDT" duration-ms="635" status="PASS">
          <reporter-output>
          </reporter-output>
        </test-method> <!-- terminate -->
      </class> <!-- Tests.Test2 -->
      <class name="Tests.Test1">
        <test-method is-config="true" signature="initialized()[pri:0, instance:Tests.Test1@6bc28a83]" started-at="2021-03-27T18:24:13 EDT" name="initialized" finished-at="2021-03-27T18:24:19 EDT" duration-ms="5768" status="PASS">
          <reporter-output>
          </reporter-output>
        </test-method> <!-- initialized -->
        <test-method signature="test()[pri:0, instance:Tests.Test1@6bc28a83]" started-at="2021-03-27T18:24:24 EDT" name="test" finished-at="2021-03-27T18:24:44 EDT" duration-ms="19798" status="FAIL">
          <exception class="java.lang.AssertionError">
            <message>
              <![CDATA[expected [CREATE AN ACCOUN] but found [AUTHENTICATION]]]>
            </message>
            <full-stacktrace>
              <![CDATA[java.lang.AssertionError: expected [CREATE AN ACCOUN] but found [AUTHENTICATION]
at org.testng.Assert.fail(Assert.java:99)
at org.testng.Assert.failNotEquals(Assert.java:1037)
at org.testng.Assert.assertEqualsImpl(Assert.java:140)
at org.testng.Assert.assertEquals(Assert.java:122)
at org.testng.Assert.assertEquals(Assert.java:629)
at org.testng.Assert.assertEquals(Assert.java:639)
at Tests.Test1.test(Test1.java:117)
at java.base/jdk.internal.reflect.NativeMethodAccessorImpl.invoke0(Native Method)
at java.base/jdk.internal.reflect.NativeMethodAccessorImpl.invoke(NativeMethodAccessorImpl.java:64)
at java.base/jdk.internal.reflect.DelegatingMethodAccessorImpl.invoke(DelegatingMethodAccessorImpl.java:43)
at java.base/java.lang.reflect.Method.invoke(Method.java:564)
at org.testng.internal.MethodInvocationHelper.invokeMethod(MethodInvocationHelper.java:132)
at org.testng.internal.TestInvoker.invokeMethod(TestInvoker.java:599)
at org.testng.internal.TestInvoker.invokeTestMethod(TestInvoker.java:174)
at org.testng.internal.MethodRunner.runInSequence(MethodRunner.java:46)
at org.testng.internal.TestInvoker$MethodInvocationAgent.invoke(TestInvoker.java:822)
at org.testng.internal.TestInvoker.invokeTestMethods(TestInvoker.java:147)
at org.testng.internal.TestMethodWorker.invokeTestMethods(TestMethodWorker.java:146)
at org.testng.internal.TestMethodWorker.run(TestMethodWorker.java:128)
at java.base/java.util.concurrent.ThreadPoolExecutor.runWorker(ThreadPoolExecutor.java:1130)
at java.base/java.util.concurrent.ThreadPoolExecutor$Worker.run(ThreadPoolExecutor.java:630)
at java.base/java.lang.Thread.run(Thread.java:832)
]]>
            </full-stacktrace>
          </exception> <!-- java.lang.AssertionError -->
          <reporter-output>
          </reporter-output>
        </test-method> <!-- test -->
        <test-method is-config="true" signature="terminate()[pri:0, instance:Tests.Test1@6bc28a83]" started-at="2021-03-27T18:24:48 EDT" name="terminate" finished-at="2021-03-27T18:24:53 EDT" duration-ms="5701" status="PASS">
          <reporter-output>
          </reporter-output>
        </test-method> <!-- terminate -->
      </class> <!-- Tests.Test1 -->
    </test> <!-- Test -->
  </suite> <!-- Suite -->
</testng-results>
